<?xml version="1.0" encoding="UTF-8"?>
<testsuite name="com.hifriends.auto.GoogleFormValidateTest" time="0" tests="1" errors="0" skipped="1" failures="0">
  <properties>
[...]
</properties>
  <testcase name="googleFormValidateTest" classname="com.hifriends.auto.GoogleFormValidateTest" time="0">
    <skipped message="Run test when the app is working"/>
    <system-out><![CDATA[00:56:16.392 [main] DEBUG org.springframework.test.context.junit4.SpringJUnit4ClassRunner - SpringJUnit4ClassRunner constructor called with [class com.hifriends.unit.service.UserServiceTest]
00:56:16.409 [main] DEBUG org.springframework.test.context.BootstrapUtils - Instantiating CacheAwareContextLoaderDelegate from class [org.springframework.test.context.cache.DefaultCacheAwareContextLoaderDelegate]
00:56:16.447 [main] DEBUG org.springframework.test.context.BootstrapUtils - Instantiating BootstrapContext using constructor [public org.springframework.test.context.support.DefaultBootstrapContext(java.lang.Class,org.springframework.test.context.CacheAwareContextLoaderDelegate)]
00:56:16.488 [main] DEBUG org.springframework.test.context.BootstrapUtils - Instantiating TestContextBootstrapper for test class [com.hifriends.unit.service.UserServiceTest] from class [org.springframework.boot.test.context.SpringBootTestContextBootstrapper]
00:56:16.522 [main] INFO org.springframework.boot.test.context.SpringBootTestContextBootstrapper - Neither @ContextConfiguration nor @ContextHierarchy found for test class [com.hifriends.unit.service.UserServiceTest], using SpringBootContextLoader
00:56:16.529 [main] DEBUG org.springframework.test.context.support.AbstractContextLoader - Did not detect default resource location for test class [com.hifriends.unit.service.UserServiceTest]: class path resource [com/hifriends/unit/service/UserServiceTest-context.xml] does not exist
00:56:16.530 [main] DEBUG org.springframework.test.context.support.AbstractContextLoader - Did not detect default resource location for test class [com.hifriends.unit.service.UserServiceTest]: class path resource [com/hifriends/unit/service/UserServiceTestContext.groovy] does not exist
00:56:16.531 [main] INFO org.springframework.test.context.support.AbstractContextLoader - Could not detect default resource locations for test class [com.hifriends.unit.service.UserServiceTest]: no resource found for suffixes {-context.xml, Context.groovy}.
00:56:16.532 [main] INFO org.springframework.test.context.support.AnnotationConfigContextLoaderUtils - Could not detect default configuration classes for test class [com.hifriends.unit.service.UserServiceTest]: UserServiceTest does not declare any static, non-private, non-final, nested classes annotated with @Configuration.
00:56:16.691 [main] DEBUG org.springframework.test.context.support.ActiveProfilesUtils - Could not find an 'annotation declaring class' for annotation type [org.springframework.test.context.ActiveProfiles] and class [com.hifriends.unit.service.UserServiceTest]
00:56:16.725 [main] DEBUG org.springframework.core.env.StandardEnvironment - Adding [systemProperties] PropertySource with lowest search precedence
00:56:16.727 [main] DEBUG org.springframework.core.env.StandardEnvironment - Adding [systemEnvironment] PropertySource with lowest search precedence
00:56:16.727 [main] DEBUG org.springframework.core.env.StandardEnvironment - Initialized StandardEnvironment with PropertySources [systemProperties,systemEnvironment]
00:56:16.753 [main] DEBUG org.springframework.core.io.support.PathMatchingResourcePatternResolver - Resolved classpath location [com/hifriends/unit/service/] to resources [URL [file:/Users/aleksandrprendota/Dropbox/ITMO/%d0%a7%d0%b5%d1%82%d0%b2%d0%b5%d1%80%d1%82%d1%8b%d0%b8%cc%86%20%d0%ba%d1%83%d1%80%d1%81/Project/hifriends/target/test-classes/com/hifriends/unit/service/]]
00:56:16.754 [main] DEBUG org.springframework.core.io.support.PathMatchingResourcePatternResolver - Looking for matching resources in directory tree [/Users/aleksandrprendota/Dropbox/ITMO/Четвертый курс/Project/hifriends/target/test-classes/com/hifriends/unit/service]
00:56:16.755 [main] DEBUG org.springframework.core.io.support.PathMatchingResourcePatternResolver - Searching directory [/Users/aleksandrprendota/Dropbox/ITMO/Четвертый курс/Project/hifriends/target/test-classes/com/hifriends/unit/service] for files matching pattern [/Users/aleksandrprendota/Dropbox/ITMO/Четвертый курс/Project/hifriends/target/test-classes/com/hifriends/unit/service/*.class]
00:56:16.762 [main] DEBUG org.springframework.core.io.support.PathMatchingResourcePatternResolver - Resolved location pattern [classpath*:com/hifriends/unit/service/*.class] to resources [file [/Users/aleksandrprendota/Dropbox/ITMO/Четвертый курс/Project/hifriends/target/test-classes/com/hifriends/unit/service/ChatServiceTest.class], file [/Users/aleksandrprendota/Dropbox/ITMO/Четвертый курс/Project/hifriends/target/test-classes/com/hifriends/unit/service/UserServiceTest.class]]
00:56:16.818 [main] DEBUG org.springframework.core.io.support.PathMatchingResourcePatternResolver - Resolved classpath location [com/hifriends/unit/] to resources [URL [file:/Users/aleksandrprendota/Dropbox/ITMO/%d0%a7%d0%b5%d1%82%d0%b2%d0%b5%d1%80%d1%82%d1%8b%d0%b8%cc%86%20%d0%ba%d1%83%d1%80%d1%81/Project/hifriends/target/test-classes/com/hifriends/unit/]]
00:56:16.819 [main] DEBUG org.springframework.core.io.support.PathMatchingResourcePatternResolver - Looking for matching resources in directory tree [/Users/aleksandrprendota/Dropbox/ITMO/Четвертый курс/Project/hifriends/target/test-classes/com/hifriends/unit]
00:56:16.819 [main] DEBUG org.springframework.core.io.support.PathMatchingResourcePatternResolver - Searching directory [/Users/aleksandrprendota/Dropbox/ITMO/Четвертый курс/Project/hifriends/target/test-classes/com/hifriends/unit] for files matching pattern [/Users/aleksandrprendota/Dropbox/ITMO/Четвертый курс/Project/hifriends/target/test-classes/com/hifriends/unit/*.class]
00:56:16.821 [main] DEBUG org.springframework.core.io.support.PathMatchingResourcePatternResolver - Resolved location pattern [classpath*:com/hifriends/unit/*.class] to resources []
00:56:16.822 [main] DEBUG org.springframework.core.io.support.PathMatchingResourcePatternResolver - Resolved classpath location [com/hifriends/] to resources [URL [file:/Users/aleksandrprendota/Dropbox/ITMO/%d0%a7%d0%b5%d1%82%d0%b2%d0%b5%d1%80%d1%82%d1%8b%d0%b8%cc%86%20%d0%ba%d1%83%d1%80%d1%81/Project/hifriends/target/test-classes/com/hifriends/], URL [file:/Users/aleksandrprendota/Dropbox/ITMO/%d0%a7%d0%b5%d1%82%d0%b2%d0%b5%d1%80%d1%82%d1%8b%d0%b8%cc%86%20%d0%ba%d1%83%d1%80%d1%81/Project/hifriends/target/classes/com/hifriends/]]
00:56:16.823 [main] DEBUG org.springframework.core.io.support.PathMatchingResourcePatternResolver - Looking for matching resources in directory tree [/Users/aleksandrprendota/Dropbox/ITMO/Четвертый курс/Project/hifriends/target/test-classes/com/hifriends]
00:56:16.823 [main] DEBUG org.springframework.core.io.support.PathMatchingResourcePatternResolver - Searching directory [/Users/aleksandrprendota/Dropbox/ITMO/Четвертый курс/Project/hifriends/target/test-classes/com/hifriends] for files matching pattern [/Users/aleksandrprendota/Dropbox/ITMO/Четвертый курс/Project/hifriends/target/test-classes/com/hifriends/*.class]
00:56:16.825 [main] DEBUG org.springframework.core.io.support.PathMatchingResourcePatternResolver - Looking for matching resources in directory tree [/Users/aleksandrprendota/Dropbox/ITMO/Четвертый курс/Project/hifriends/target/classes/com/hifriends]
00:56:16.825 [main] DEBUG org.springframework.core.io.support.PathMatchingResourcePatternResolver - Searching directory [/Users/aleksandrprendota/Dropbox/ITMO/Четвертый курс/Project/hifriends/target/classes/com/hifriends] for files matching pattern [/Users/aleksandrprendota/Dropbox/ITMO/Четвертый курс/Project/hifriends/target/classes/com/hifriends/*.class]
00:56:16.827 [main] DEBUG org.springframework.core.io.support.PathMatchingResourcePatternResolver - Resolved location pattern [classpath*:com/hifriends/*.class] to resources [file [/Users/aleksandrprendota/Dropbox/ITMO/Четвертый курс/Project/hifriends/target/test-classes/com/hifriends/HifriendsApplicationTests.class], file [/Users/aleksandrprendota/Dropbox/ITMO/Четвертый курс/Project/hifriends/target/classes/com/hifriends/HifriendsApplication.class]]
00:56:16.905 [main] DEBUG org.springframework.context.annotation.ClassPathScanningCandidateComponentProvider - Identified candidate component class: file [/Users/aleksandrprendota/Dropbox/ITMO/Четвертый курс/Project/hifriends/target/classes/com/hifriends/HifriendsApplication.class]
00:56:16.909 [main] INFO org.springframework.boot.test.context.SpringBootTestContextBootstrapper - Found @SpringBootConfiguration com.hifriends.HifriendsApplication for test class com.hifriends.unit.service.UserServiceTest
00:56:16.937 [main] DEBUG org.springframework.boot.test.context.SpringBootTestContextBootstrapper - @TestExecutionListeners is not present for class [com.hifriends.unit.service.UserServiceTest]: using defaults.
00:56:16.949 [main] INFO org.springframework.boot.test.context.SpringBootTestContextBootstrapper - Loaded default TestExecutionListener class names from location [META-INF/spring.factories]: [org.springframework.boot.test.mock.mockito.MockitoTestExecutionListener, org.springframework.boot.test.mock.mockito.ResetMocksTestExecutionListener, org.springframework.boot.test.autoconfigure.restdocs.RestDocsTestExecutionListener, org.springframework.boot.test.autoconfigure.web.client.MockRestServiceServerResetTestExecutionListener, org.springframework.boot.test.autoconfigure.web.servlet.MockMvcPrintOnlyOnFailureTestExecutionListener, org.springframework.boot.test.autoconfigure.web.servlet.WebDriverTestExecutionListener, org.springframework.test.context.web.ServletTestExecutionListener, org.springframework.test.context.support.DirtiesContextBeforeModesTestExecutionListener, org.springframework.test.context.support.DependencyInjectionTestExecutionListener, org.springframework.test.context.support.DirtiesContextTestExecutionListener, org.springframework.test.context.transaction.TransactionalTestExecutionListener, org.springframework.test.context.jdbc.SqlScriptsTestExecutionListener]
00:56:17.042 [main] INFO org.springframework.boot.test.context.SpringBootTestContextBootstrapper - Using TestExecutionListeners: [org.springframework.test.context.web.ServletTestExecutionListener@3b07a0d6, org.springframework.test.context.support.DirtiesContextBeforeModesTestExecutionListener@11a9e7c8, org.springframework.boot.test.autoconfigure.SpringBootDependencyInjectionTestExecutionListener@3901d134, org.springframework.test.context.support.DirtiesContextTestExecutionListener@14d3bc22, org.springframework.test.context.transaction.TransactionalTestExecutionListener@12d4bf7e, org.springframework.test.context.jdbc.SqlScriptsTestExecutionListener@4c1d9d4b, org.springframework.boot.test.autoconfigure.web.servlet.WebDriverTestExecutionListener@7b227d8d, org.springframework.boot.test.autoconfigure.restdocs.RestDocsTestExecutionListener@7219ec67, org.springframework.boot.test.autoconfigure.web.servlet.MockMvcPrintOnlyOnFailureTestExecutionListener@45018215, org.springframework.boot.test.mock.mockito.MockitoTestExecutionListener@65d6b83b, org.springframework.boot.test.mock.mockito.ResetMocksTestExecutionListener@d706f19, org.springframework.boot.test.autoconfigure.web.client.MockRestServiceServerResetTestExecutionListener@30b7c004]
00:56:17.047 [main] DEBUG org.springframework.test.context.junit4.SpringJUnit4ClassRunner - SpringJUnit4ClassRunner constructor called with [class com.hifriends.unit.service.ChatServiceTest]
00:56:17.047 [main] DEBUG org.springframework.test.context.BootstrapUtils - Instantiating CacheAwareContextLoaderDelegate from class [org.springframework.test.context.cache.DefaultCacheAwareContextLoaderDelegate]
00:56:17.048 [main] DEBUG org.springframework.test.context.BootstrapUtils - Instantiating BootstrapContext using constructor [public org.springframework.test.context.support.DefaultBootstrapContext(java.lang.Class,org.springframework.test.context.CacheAwareContextLoaderDelegate)]
00:56:17.048 [main] DEBUG org.springframework.test.context.BootstrapUtils - Instantiating TestContextBootstrapper for test class [com.hifriends.unit.service.ChatServiceTest] from class [org.springframework.boot.test.context.SpringBootTestContextBootstrapper]
00:56:17.049 [main] INFO org.springframework.boot.test.context.SpringBootTestContextBootstrapper - Neither @ContextConfiguration nor @ContextHierarchy found for test class [com.hifriends.unit.service.ChatServiceTest], using SpringBootContextLoader
00:56:17.050 [main] DEBUG org.springframework.test.context.support.AbstractContextLoader - Did not detect default resource location for test class [com.hifriends.unit.service.ChatServiceTest]: class path resource [com/hifriends/unit/service/ChatServiceTest-context.xml] does not exist
00:56:17.051 [main] DEBUG org.springframework.test.context.support.AbstractContextLoader - Did not detect default resource location for test class [com.hifriends.unit.service.ChatServiceTest]: class path resource [com/hifriends/unit/service/ChatServiceTestContext.groovy] does not exist
00:56:17.051 [main] INFO org.springframework.test.context.support.AbstractContextLoader - Could not detect default resource locations for test class [com.hifriends.unit.service.ChatServiceTest]: no resource found for suffixes {-context.xml, Context.groovy}.
00:56:17.052 [main] INFO org.springframework.test.context.support.AnnotationConfigContextLoaderUtils - Could not detect default configuration classes for test class [com.hifriends.unit.service.ChatServiceTest]: ChatServiceTest does not declare any static, non-private, non-final, nested classes annotated with @Configuration.
00:56:17.066 [main] DEBUG org.springframework.test.context.support.ActiveProfilesUtils - Could not find an 'annotation declaring class' for annotation type [org.springframework.test.context.ActiveProfiles] and class [com.hifriends.unit.service.ChatServiceTest]
00:56:17.068 [main] DEBUG org.springframework.core.env.StandardEnvironment - Adding [systemProperties] PropertySource with lowest search precedence
00:56:17.068 [main] DEBUG org.springframework.core.env.StandardEnvironment - Adding [systemEnvironment] PropertySource with lowest search precedence
00:56:17.068 [main] DEBUG org.springframework.core.env.StandardEnvironment - Initialized StandardEnvironment with PropertySources [systemProperties,systemEnvironment]
00:56:17.069 [main] INFO org.springframework.boot.test.context.SpringBootTestContextBootstrapper - Found @SpringBootConfiguration com.hifriends.HifriendsApplication for test class com.hifriends.unit.service.ChatServiceTest
00:56:17.075 [main] DEBUG org.springframework.boot.test.context.SpringBootTestContextBootstrapper - @TestExecutionListeners is not present for class [com.hifriends.unit.service.ChatServiceTest]: using defaults.
00:56:17.080 [main] INFO org.springframework.boot.test.context.SpringBootTestContextBootstrapper - Loaded default TestExecutionListener class names from location [META-INF/spring.factories]: [org.springframework.boot.test.mock.mockito.MockitoTestExecutionListener, org.springframework.boot.test.mock.mockito.ResetMocksTestExecutionListener, org.springframework.boot.test.autoconfigure.restdocs.RestDocsTestExecutionListener, org.springframework.boot.test.autoconfigure.web.client.MockRestServiceServerResetTestExecutionListener, org.springframework.boot.test.autoconfigure.web.servlet.MockMvcPrintOnlyOnFailureTestExecutionListener, org.springframework.boot.test.autoconfigure.web.servlet.WebDriverTestExecutionListener, org.springframework.test.context.web.ServletTestExecutionListener, org.springframework.test.context.support.DirtiesContextBeforeModesTestExecutionListener, org.springframework.test.context.support.DependencyInjectionTestExecutionListener, org.springframework.test.context.support.DirtiesContextTestExecutionListener, org.springframework.test.context.transaction.TransactionalTestExecutionListener, org.springframework.test.context.jdbc.SqlScriptsTestExecutionListener]
00:56:17.085 [main] INFO org.springframework.boot.test.context.SpringBootTestContextBootstrapper - Using TestExecutionListeners: [org.springframework.test.context.web.ServletTestExecutionListener@5c909414, org.springframework.test.context.support.DirtiesContextBeforeModesTestExecutionListener@4b14c583, org.springframework.boot.test.autoconfigure.SpringBootDependencyInjectionTestExecutionListener@65466a6a, org.springframework.test.context.support.DirtiesContextTestExecutionListener@4ddced80, org.springframework.test.context.transaction.TransactionalTestExecutionListener@1534f01b, org.springframework.test.context.jdbc.SqlScriptsTestExecutionListener@78e117e3, org.springframework.boot.test.autoconfigure.web.servlet.WebDriverTestExecutionListener@2ea227af, org.springframework.boot.test.autoconfigure.restdocs.RestDocsTestExecutionListener@4386f16, org.springframework.boot.test.autoconfigure.web.servlet.MockMvcPrintOnlyOnFailureTestExecutionListener@363ee3a2, org.springframework.boot.test.mock.mockito.MockitoTestExecutionListener@4690b489, org.springframework.boot.test.mock.mockito.ResetMocksTestExecutionListener@79b06cab, org.springframework.boot.test.autoconfigure.web.client.MockRestServiceServerResetTestExecutionListener@3eb7fc54]
00:56:17.087 [main] DEBUG org.springframework.test.context.junit4.SpringJUnit4ClassRunner - SpringJUnit4ClassRunner constructor called with [class com.hifriends.unit.dao.RepositoryTest]
00:56:17.089 [main] DEBUG org.springframework.test.context.BootstrapUtils - Instantiating CacheAwareContextLoaderDelegate from class [org.springframework.test.context.cache.DefaultCacheAwareContextLoaderDelegate]
00:56:17.089 [main] DEBUG org.springframework.test.context.BootstrapUtils - Instantiating BootstrapContext using constructor [public org.springframework.test.context.support.DefaultBootstrapContext(java.lang.Class,org.springframework.test.context.CacheAwareContextLoaderDelegate)]
00:56:17.090 [main] DEBUG org.springframework.test.context.BootstrapUtils - Instantiating TestContextBootstrapper for test class [com.hifriends.unit.dao.RepositoryTest] from class [org.springframework.boot.test.context.SpringBootTestContextBootstrapper]
00:56:17.091 [main] INFO org.springframework.boot.test.context.SpringBootTestContextBootstrapper - Neither @ContextConfiguration nor @ContextHierarchy found for test class [com.hifriends.unit.dao.RepositoryTest], using SpringBootContextLoader
00:56:17.093 [main] DEBUG org.springframework.test.context.support.AbstractContextLoader - Did not detect default resource location for test class [com.hifriends.unit.dao.RepositoryTest]: class path resource [com/hifriends/unit/dao/RepositoryTest-context.xml] does not exist
00:56:17.095 [main] DEBUG org.springframework.test.context.support.AbstractContextLoader - Did not detect default resource location for test class [com.hifriends.unit.dao.RepositoryTest]: class path resource [com/hifriends/unit/dao/RepositoryTestContext.groovy] does not exist
00:56:17.096 [main] INFO org.springframework.test.context.support.AbstractContextLoader - Could not detect default resource locations for test class [com.hifriends.unit.dao.RepositoryTest]: no resource found for suffixes {-context.xml, Context.groovy}.
00:56:17.097 [main] INFO org.springframework.test.context.support.AnnotationConfigContextLoaderUtils - Could not detect default configuration classes for test class [com.hifriends.unit.dao.RepositoryTest]: RepositoryTest does not declare any static, non-private, non-final, nested classes annotated with @Configuration.
00:56:17.110 [main] DEBUG org.springframework.test.context.support.ActiveProfilesUtils - Could not find an 'annotation declaring class' for annotation type [org.springframework.test.context.ActiveProfiles] and class [com.hifriends.unit.dao.RepositoryTest]
00:56:17.110 [main] DEBUG org.springframework.core.env.StandardEnvironment - Adding [systemProperties] PropertySource with lowest search precedence
00:56:17.110 [main] DEBUG org.springframework.core.env.StandardEnvironment - Adding [systemEnvironment] PropertySource with lowest search precedence
00:56:17.111 [main] DEBUG org.springframework.core.env.StandardEnvironment - Initialized StandardEnvironment with PropertySources [systemProperties,systemEnvironment]
00:56:17.114 [main] DEBUG org.springframework.core.io.support.PathMatchingResourcePatternResolver - Resolved classpath location [com/hifriends/unit/dao/] to resources [URL [file:/Users/aleksandrprendota/Dropbox/ITMO/%d0%a7%d0%b5%d1%82%d0%b2%d0%b5%d1%80%d1%82%d1%8b%d0%b8%cc%86%20%d0%ba%d1%83%d1%80%d1%81/Project/hifriends/target/test-classes/com/hifriends/unit/dao/]]
00:56:17.117 [main] DEBUG org.springframework.core.io.support.PathMatchingResourcePatternResolver - Looking for matching resources in directory tree [/Users/aleksandrprendota/Dropbox/ITMO/Четвертый курс/Project/hifriends/target/test-classes/com/hifriends/unit/dao]
00:56:17.120 [main] DEBUG org.springframework.core.io.support.PathMatchingResourcePatternResolver - Searching directory [/Users/aleksandrprendota/Dropbox/ITMO/Четвертый курс/Project/hifriends/target/test-classes/com/hifriends/unit/dao] for files matching pattern [/Users/aleksandrprendota/Dropbox/ITMO/Четвертый курс/Project/hifriends/target/test-classes/com/hifriends/unit/dao/*.class]
00:56:17.125 [main] DEBUG org.springframework.core.io.support.PathMatchingResourcePatternResolver - Resolved location pattern [classpath*:com/hifriends/unit/dao/*.class] to resources [file [/Users/aleksandrprendota/Dropbox/ITMO/Четвертый курс/Project/hifriends/target/test-classes/com/hifriends/unit/dao/RepositoryTest.class]]
00:56:17.164 [main] DEBUG org.springframework.core.io.support.PathMatchingResourcePatternResolver - Resolved classpath location [com/hifriends/unit/] to resources [URL [file:/Users/aleksandrprendota/Dropbox/ITMO/%d0%a7%d0%b5%d1%82%d0%b2%d0%b5%d1%80%d1%82%d1%8b%d0%b8%cc%86%20%d0%ba%d1%83%d1%80%d1%81/Project/hifriends/target/test-classes/com/hifriends/unit/]]
00:56:17.173 [main] DEBUG org.springframework.core.io.support.PathMatchingResourcePatternResolver - Looking for matching resources in directory tree [/Users/aleksandrprendota/Dropbox/ITMO/Четвертый курс/Project/hifriends/target/test-classes/com/hifriends/unit]
00:56:17.174 [main] DEBUG org.springframework.core.io.support.PathMatchingResourcePatternResolver - Searching directory [/Users/aleksandrprendota/Dropbox/ITMO/Четвертый курс/Project/hifriends/target/test-classes/com/hifriends/unit] for files matching pattern [/Users/aleksandrprendota/Dropbox/ITMO/Четвертый курс/Project/hifriends/target/test-classes/com/hifriends/unit/*.class]
00:56:17.176 [main] DEBUG org.springframework.core.io.support.PathMatchingResourcePatternResolver - Resolved location pattern [classpath*:com/hifriends/unit/*.class] to resources []
00:56:17.184 [main] DEBUG org.springframework.core.io.support.PathMatchingResourcePatternResolver - Resolved classpath location [com/hifriends/] to resources [URL [file:/Users/aleksandrprendota/Dropbox/ITMO/%d0%a7%d0%b5%d1%82%d0%b2%d0%b5%d1%80%d1%82%d1%8b%d0%b8%cc%86%20%d0%ba%d1%83%d1%80%d1%81/Project/hifriends/target/test-classes/com/hifriends/], URL [file:/Users/aleksandrprendota/Dropbox/ITMO/%d0%a7%d0%b5%d1%82%d0%b2%d0%b5%d1%80%d1%82%d1%8b%d0%b8%cc%86%20%d0%ba%d1%83%d1%80%d1%81/Project/hifriends/target/classes/com/hifriends/]]
00:56:17.185 [main] DEBUG org.springframework.core.io.support.PathMatchingResourcePatternResolver - Looking for matching resources in directory tree [/Users/aleksandrprendota/Dropbox/ITMO/Четвертый курс/Project/hifriends/target/test-classes/com/hifriends]
00:56:17.185 [main] DEBUG org.springframework.core.io.support.PathMatchingResourcePatternResolver - Searching directory [/Users/aleksandrprendota/Dropbox/ITMO/Четвертый курс/Project/hifriends/target/test-classes/com/hifriends] for files matching pattern [/Users/aleksandrprendota/Dropbox/ITMO/Четвертый курс/Project/hifriends/target/test-classes/com/hifriends/*.class]
00:56:17.187 [main] DEBUG org.springframework.core.io.support.PathMatchingResourcePatternResolver - Looking for matching resources in directory tree [/Users/aleksandrprendota/Dropbox/ITMO/Четвертый курс/Project/hifriends/target/classes/com/hifriends]
00:56:17.187 [main] DEBUG org.springframework.core.io.support.PathMatchingResourcePatternResolver - Searching directory [/Users/aleksandrprendota/Dropbox/ITMO/Четвертый курс/Project/hifriends/target/classes/com/hifriends] for files matching pattern [/Users/aleksandrprendota/Dropbox/ITMO/Четвертый курс/Project/hifriends/target/classes/com/hifriends/*.class]
00:56:17.189 [main] DEBUG org.springframework.core.io.support.PathMatchingResourcePatternResolver - Resolved location pattern [classpath*:com/hifriends/*.class] to resources [file [/Users/aleksandrprendota/Dropbox/ITMO/Четвертый курс/Project/hifriends/target/test-classes/com/hifriends/HifriendsApplicationTests.class], file [/Users/aleksandrprendota/Dropbox/ITMO/Четвертый курс/Project/hifriends/target/classes/com/hifriends/HifriendsApplication.class]]
00:56:17.194 [main] DEBUG org.springframework.context.annotation.ClassPathScanningCandidateComponentProvider - Identified candidate component class: file [/Users/aleksandrprendota/Dropbox/ITMO/Четвертый курс/Project/hifriends/target/classes/com/hifriends/HifriendsApplication.class]
00:56:17.195 [main] INFO org.springframework.boot.test.context.SpringBootTestContextBootstrapper - Found @SpringBootConfiguration com.hifriends.HifriendsApplication for test class com.hifriends.unit.dao.RepositoryTest
00:56:17.197 [main] DEBUG org.springframework.boot.test.context.SpringBootTestContextBootstrapper - @TestExecutionListeners is not present for class [com.hifriends.unit.dao.RepositoryTest]: using defaults.
00:56:17.201 [main] INFO org.springframework.boot.test.context.SpringBootTestContextBootstrapper - Loaded default TestExecutionListener class names from location [META-INF/spring.factories]: [org.springframework.boot.test.mock.mockito.MockitoTestExecutionListener, org.springframework.boot.test.mock.mockito.ResetMocksTestExecutionListener, org.springframework.boot.test.autoconfigure.restdocs.RestDocsTestExecutionListener, org.springframework.boot.test.autoconfigure.web.client.MockRestServiceServerResetTestExecutionListener, org.springframework.boot.test.autoconfigure.web.servlet.MockMvcPrintOnlyOnFailureTestExecutionListener, org.springframework.boot.test.autoconfigure.web.servlet.WebDriverTestExecutionListener, org.springframework.test.context.web.ServletTestExecutionListener, org.springframework.test.context.support.DirtiesContextBeforeModesTestExecutionListener, org.springframework.test.context.support.DependencyInjectionTestExecutionListener, org.springframework.test.context.support.DirtiesContextTestExecutionListener, org.springframework.test.context.transaction.TransactionalTestExecutionListener, org.springframework.test.context.jdbc.SqlScriptsTestExecutionListener]
00:56:17.206 [main] INFO org.springframework.boot.test.context.SpringBootTestContextBootstrapper - Using TestExecutionListeners: [org.springframework.test.context.web.ServletTestExecutionListener@48ae9b55, org.springframework.test.context.support.DirtiesContextBeforeModesTestExecutionListener@1700915, org.springframework.boot.test.autoconfigure.SpringBootDependencyInjectionTestExecutionListener@21de60b4, org.springframework.test.context.support.DirtiesContextTestExecutionListener@c267ef4, org.springframework.test.context.transaction.TransactionalTestExecutionListener@30ee2816, org.springframework.test.context.jdbc.SqlScriptsTestExecutionListener@31d7b7bf, org.springframework.boot.test.autoconfigure.web.servlet.WebDriverTestExecutionListener@635eaaf1, org.springframework.boot.test.autoconfigure.restdocs.RestDocsTestExecutionListener@5c30a9b0, org.springframework.boot.test.autoconfigure.web.servlet.MockMvcPrintOnlyOnFailureTestExecutionListener@1ddf84b8, org.springframework.boot.test.mock.mockito.MockitoTestExecutionListener@1139b2f3, org.springframework.boot.test.mock.mockito.ResetMocksTestExecutionListener@7a69b07, org.springframework.boot.test.autoconfigure.web.client.MockRestServiceServerResetTestExecutionListener@5e82df6a]
00:56:17.215 [main] DEBUG org.springframework.test.context.junit4.SpringJUnit4ClassRunner - SpringJUnit4ClassRunner constructor called with [class com.hifriends.unit.dao.RepositoryTest]
00:56:17.216 [main] DEBUG org.springframework.test.context.BootstrapUtils - Instantiating CacheAwareContextLoaderDelegate from class [org.springframework.test.context.cache.DefaultCacheAwareContextLoaderDelegate]
00:56:17.216 [main] DEBUG org.springframework.test.context.BootstrapUtils - Instantiating BootstrapContext using constructor [public org.springframework.test.context.support.DefaultBootstrapContext(java.lang.Class,org.springframework.test.context.CacheAwareContextLoaderDelegate)]
00:56:17.217 [main] DEBUG org.springframework.test.context.BootstrapUtils - Instantiating TestContextBootstrapper for test class [com.hifriends.unit.dao.RepositoryTest] from class [org.springframework.boot.test.context.SpringBootTestContextBootstrapper]
00:56:17.220 [main] INFO org.springframework.boot.test.context.SpringBootTestContextBootstrapper - Neither @ContextConfiguration nor @ContextHierarchy found for test class [com.hifriends.unit.dao.RepositoryTest], using SpringBootContextLoader
00:56:17.221 [main] DEBUG org.springframework.test.context.support.AbstractContextLoader - Did not detect default resource location for test class [com.hifriends.unit.dao.RepositoryTest]: class path resource [com/hifriends/unit/dao/RepositoryTest-context.xml] does not exist
00:56:17.222 [main] DEBUG org.springframework.test.context.support.AbstractContextLoader - Did not detect default resource location for test class [com.hifriends.unit.dao.RepositoryTest]: class path resource [com/hifriends/unit/dao/RepositoryTestContext.groovy] does not exist
00:56:17.222 [main] INFO org.springframework.test.context.support.AbstractContextLoader - Could not detect default resource locations for test class [com.hifriends.unit.dao.RepositoryTest]: no resource found for suffixes {-context.xml, Context.groovy}.
00:56:17.223 [main] INFO org.springframework.test.context.support.AnnotationConfigContextLoaderUtils - Could not detect default configuration classes for test class [com.hifriends.unit.dao.RepositoryTest]: RepositoryTest does not declare any static, non-private, non-final, nested classes annotated with @Configuration.
00:56:17.232 [main] DEBUG org.springframework.test.context.support.ActiveProfilesUtils - Could not find an 'annotation declaring class' for annotation type [org.springframework.test.context.ActiveProfiles] and class [com.hifriends.unit.dao.RepositoryTest]
00:56:17.233 [main] DEBUG org.springframework.core.env.StandardEnvironment - Adding [systemProperties] PropertySource with lowest search precedence
00:56:17.234 [main] DEBUG org.springframework.core.env.StandardEnvironment - Adding [systemEnvironment] PropertySource with lowest search precedence
00:56:17.234 [main] DEBUG org.springframework.core.env.StandardEnvironment - Initialized StandardEnvironment with PropertySources [systemProperties,systemEnvironment]
00:56:17.235 [main] INFO org.springframework.boot.test.context.SpringBootTestContextBootstrapper - Found @SpringBootConfiguration com.hifriends.HifriendsApplication for test class com.hifriends.unit.dao.RepositoryTest
00:56:17.237 [main] DEBUG org.springframework.boot.test.context.SpringBootTestContextBootstrapper - @TestExecutionListeners is not present for class [com.hifriends.unit.dao.RepositoryTest]: using defaults.
00:56:17.242 [main] INFO org.springframework.boot.test.context.SpringBootTestContextBootstrapper - Loaded default TestExecutionListener class names from location [META-INF/spring.factories]: [org.springframework.boot.test.mock.mockito.MockitoTestExecutionListener, org.springframework.boot.test.mock.mockito.ResetMocksTestExecutionListener, org.springframework.boot.test.autoconfigure.restdocs.RestDocsTestExecutionListener, org.springframework.boot.test.autoconfigure.web.client.MockRestServiceServerResetTestExecutionListener, org.springframework.boot.test.autoconfigure.web.servlet.MockMvcPrintOnlyOnFailureTestExecutionListener, org.springframework.boot.test.autoconfigure.web.servlet.WebDriverTestExecutionListener, org.springframework.test.context.web.ServletTestExecutionListener, org.springframework.test.context.support.DirtiesContextBeforeModesTestExecutionListener, org.springframework.test.context.support.DependencyInjectionTestExecutionListener, org.springframework.test.context.support.DirtiesContextTestExecutionListener, org.springframework.test.context.transaction.TransactionalTestExecutionListener, org.springframework.test.context.jdbc.SqlScriptsTestExecutionListener]
00:56:17.247 [main] INFO org.springframework.boot.test.context.SpringBootTestContextBootstrapper - Using TestExecutionListeners: [org.springframework.test.context.web.ServletTestExecutionListener@71809907, org.springframework.test.context.support.DirtiesContextBeforeModesTestExecutionListener@3ce1e309, org.springframework.boot.test.autoconfigure.SpringBootDependencyInjectionTestExecutionListener@6aba2b86, org.springframework.test.context.support.DirtiesContextTestExecutionListener@158da8e, org.springframework.test.context.transaction.TransactionalTestExecutionListener@74e52303, org.springframework.test.context.jdbc.SqlScriptsTestExecutionListener@47af7f3d, org.springframework.boot.test.autoconfigure.web.servlet.WebDriverTestExecutionListener@7c729a55, org.springframework.boot.test.autoconfigure.restdocs.RestDocsTestExecutionListener@3bb9a3ff, org.springframework.boot.test.autoconfigure.web.servlet.MockMvcPrintOnlyOnFailureTestExecutionListener@661972b0, org.springframework.boot.test.mock.mockito.MockitoTestExecutionListener@5af3afd9, org.springframework.boot.test.mock.mockito.ResetMocksTestExecutionListener@323b36e0, org.springframework.boot.test.autoconfigure.web.client.MockRestServiceServerResetTestExecutionListener@44ebcd03]
00:56:17.253 [main] DEBUG org.springframework.test.context.junit4.SpringJUnit4ClassRunner - SpringJUnit4ClassRunner constructor called with [class com.hifriends.unit.service.ChatServiceTest]
00:56:17.253 [main] DEBUG org.springframework.test.context.BootstrapUtils - Instantiating CacheAwareContextLoaderDelegate from class [org.springframework.test.context.cache.DefaultCacheAwareContextLoaderDelegate]
00:56:17.253 [main] DEBUG org.springframework.test.context.BootstrapUtils - Instantiating BootstrapContext using constructor [public org.springframework.test.context.support.DefaultBootstrapContext(java.lang.Class,org.springframework.test.context.CacheAwareContextLoaderDelegate)]
00:56:17.254 [main] DEBUG org.springframework.test.context.BootstrapUtils - Instantiating TestContextBootstrapper for test class [com.hifriends.unit.service.ChatServiceTest] from class [org.springframework.boot.test.context.SpringBootTestContextBootstrapper]
00:56:17.255 [main] INFO org.springframework.boot.test.context.SpringBootTestContextBootstrapper - Neither @ContextConfiguration nor @ContextHierarchy found for test class [com.hifriends.unit.service.ChatServiceTest], using SpringBootContextLoader
00:56:17.256 [main] DEBUG org.springframework.test.context.support.AbstractContextLoader - Did not detect default resource location for test class [com.hifriends.unit.service.ChatServiceTest]: class path resource [com/hifriends/unit/service/ChatServiceTest-context.xml] does not exist
00:56:17.257 [main] DEBUG org.springframework.test.context.support.AbstractContextLoader - Did not detect default resource location for test class [com.hifriends.unit.service.ChatServiceTest]: class path resource [com/hifriends/unit/service/ChatServiceTestContext.groovy] does not exist
00:56:17.257 [main] INFO org.springframework.test.context.support.AbstractContextLoader - Could not detect default resource locations for test class [com.hifriends.unit.service.ChatServiceTest]: no resource found for suffixes {-context.xml, Context.groovy}.
00:56:17.258 [main] INFO org.springframework.test.context.support.AnnotationConfigContextLoaderUtils - Could not detect default configuration classes for test class [com.hifriends.unit.service.ChatServiceTest]: ChatServiceTest does not declare any static, non-private, non-final, nested classes annotated with @Configuration.
00:56:17.264 [main] DEBUG org.springframework.test.context.support.ActiveProfilesUtils - Could not find an 'annotation declaring class' for annotation type [org.springframework.test.context.ActiveProfiles] and class [com.hifriends.unit.service.ChatServiceTest]
00:56:17.264 [main] DEBUG org.springframework.core.env.StandardEnvironment - Adding [systemProperties] PropertySource with lowest search precedence
00:56:17.264 [main] DEBUG org.springframework.core.env.StandardEnvironment - Adding [systemEnvironment] PropertySource with lowest search precedence
00:56:17.265 [main] DEBUG org.springframework.core.env.StandardEnvironment - Initialized StandardEnvironment with PropertySources [systemProperties,systemEnvironment]
00:56:17.265 [main] INFO org.springframework.boot.test.context.SpringBootTestContextBootstrapper - Found @SpringBootConfiguration com.hifriends.HifriendsApplication for test class com.hifriends.unit.service.ChatServiceTest
00:56:17.266 [main] DEBUG org.springframework.boot.test.context.SpringBootTestContextBootstrapper - @TestExecutionListeners is not present for class [com.hifriends.unit.service.ChatServiceTest]: using defaults.
00:56:17.270 [main] INFO org.springframework.boot.test.context.SpringBootTestContextBootstrapper - Loaded default TestExecutionListener class names from location [META-INF/spring.factories]: [org.springframework.boot.test.mock.mockito.MockitoTestExecutionListener, org.springframework.boot.test.mock.mockito.ResetMocksTestExecutionListener, org.springframework.boot.test.autoconfigure.restdocs.RestDocsTestExecutionListener, org.springframework.boot.test.autoconfigure.web.client.MockRestServiceServerResetTestExecutionListener, org.springframework.boot.test.autoconfigure.web.servlet.MockMvcPrintOnlyOnFailureTestExecutionListener, org.springframework.boot.test.autoconfigure.web.servlet.WebDriverTestExecutionListener, org.springframework.test.context.web.ServletTestExecutionListener, org.springframework.test.context.support.DirtiesContextBeforeModesTestExecutionListener, org.springframework.test.context.support.DependencyInjectionTestExecutionListener, org.springframework.test.context.support.DirtiesContextTestExecutionListener, org.springframework.test.context.transaction.TransactionalTestExecutionListener, org.springframework.test.context.jdbc.SqlScriptsTestExecutionListener]
00:56:17.286 [main] INFO org.springframework.boot.test.context.SpringBootTestContextBootstrapper - Using TestExecutionListeners: [org.springframework.test.context.web.ServletTestExecutionListener@5c33f1a9, org.springframework.test.context.support.DirtiesContextBeforeModesTestExecutionListener@1623b78d, org.springframework.boot.test.autoconfigure.SpringBootDependencyInjectionTestExecutionListener@c8c12ac, org.springframework.test.context.support.DirtiesContextTestExecutionListener@6adbc9d, org.springframework.test.context.transaction.TransactionalTestExecutionListener@4550bb58, org.springframework.test.context.jdbc.SqlScriptsTestExecutionListener@4ec4f3a0, org.springframework.boot.test.autoconfigure.web.servlet.WebDriverTestExecutionListener@223191a6, org.springframework.boot.test.autoconfigure.restdocs.RestDocsTestExecutionListener@49139829, org.springframework.boot.test.autoconfigure.web.servlet.MockMvcPrintOnlyOnFailureTestExecutionListener@9597028, org.springframework.boot.test.mock.mockito.MockitoTestExecutionListener@6069db50, org.springframework.boot.test.mock.mockito.ResetMocksTestExecutionListener@4efbca5a, org.springframework.boot.test.autoconfigure.web.client.MockRestServiceServerResetTestExecutionListener@1b7cc17c]
00:56:17.287 [main] DEBUG org.springframework.test.context.junit4.SpringJUnit4ClassRunner - SpringJUnit4ClassRunner constructor called with [class com.hifriends.unit.service.UserServiceTest]
00:56:17.287 [main] DEBUG org.springframework.test.context.BootstrapUtils - Instantiating CacheAwareContextLoaderDelegate from class [org.springframework.test.context.cache.DefaultCacheAwareContextLoaderDelegate]
00:56:17.287 [main] DEBUG org.springframework.test.context.BootstrapUtils - Instantiating BootstrapContext using constructor [public org.springframework.test.context.support.DefaultBootstrapContext(java.lang.Class,org.springframework.test.context.CacheAwareContextLoaderDelegate)]
00:56:17.288 [main] DEBUG org.springframework.test.context.BootstrapUtils - Instantiating TestContextBootstrapper for test class [com.hifriends.unit.service.UserServiceTest] from class [org.springframework.boot.test.context.SpringBootTestContextBootstrapper]
00:56:17.289 [main] INFO org.springframework.boot.test.context.SpringBootTestContextBootstrapper - Neither @ContextConfiguration nor @ContextHierarchy found for test class [com.hifriends.unit.service.UserServiceTest], using SpringBootContextLoader
00:56:17.290 [main] DEBUG org.springframework.test.context.support.AbstractContextLoader - Did not detect default resource location for test class [com.hifriends.unit.service.UserServiceTest]: class path resource [com/hifriends/unit/service/UserServiceTest-context.xml] does not exist
00:56:17.291 [main] DEBUG org.springframework.test.context.support.AbstractContextLoader - Did not detect default resource location for test class [com.hifriends.unit.service.UserServiceTest]: class path resource [com/hifriends/unit/service/UserServiceTestContext.groovy] does not exist
00:56:17.292 [main] INFO org.springframework.test.context.support.AbstractContextLoader - Could not detect default resource locations for test class [com.hifriends.unit.service.UserServiceTest]: no resource found for suffixes {-context.xml, Context.groovy}.
00:56:17.293 [main] INFO org.springframework.test.context.support.AnnotationConfigContextLoaderUtils - Could not detect default configuration classes for test class [com.hifriends.unit.service.UserServiceTest]: UserServiceTest does not declare any static, non-private, non-final, nested classes annotated with @Configuration.
00:56:17.311 [main] DEBUG org.springframework.test.context.support.ActiveProfilesUtils - Could not find an 'annotation declaring class' for annotation type [org.springframework.test.context.ActiveProfiles] and class [com.hifriends.unit.service.UserServiceTest]
00:56:17.312 [main] DEBUG org.springframework.core.env.StandardEnvironment - Adding [systemProperties] PropertySource with lowest search precedence
00:56:17.312 [main] DEBUG org.springframework.core.env.StandardEnvironment - Adding [systemEnvironment] PropertySource with lowest search precedence
00:56:17.312 [main] DEBUG org.springframework.core.env.StandardEnvironment - Initialized StandardEnvironment with PropertySources [systemProperties,systemEnvironment]
00:56:17.312 [main] INFO org.springframework.boot.test.context.SpringBootTestContextBootstrapper - Found @SpringBootConfiguration com.hifriends.HifriendsApplication for test class com.hifriends.unit.service.UserServiceTest
00:56:17.313 [main] DEBUG org.springframework.boot.test.context.SpringBootTestContextBootstrapper - @TestExecutionListeners is not present for class [com.hifriends.unit.service.UserServiceTest]: using defaults.
00:56:17.319 [main] INFO org.springframework.boot.test.context.SpringBootTestContextBootstrapper - Loaded default TestExecutionListener class names from location [META-INF/spring.factories]: [org.springframework.boot.test.mock.mockito.MockitoTestExecutionListener, org.springframework.boot.test.mock.mockito.ResetMocksTestExecutionListener, org.springframework.boot.test.autoconfigure.restdocs.RestDocsTestExecutionListener, org.springframework.boot.test.autoconfigure.web.client.MockRestServiceServerResetTestExecutionListener, org.springframework.boot.test.autoconfigure.web.servlet.MockMvcPrintOnlyOnFailureTestExecutionListener, org.springframework.boot.test.autoconfigure.web.servlet.WebDriverTestExecutionListener, org.springframework.test.context.web.ServletTestExecutionListener, org.springframework.test.context.support.DirtiesContextBeforeModesTestExecutionListener, org.springframework.test.context.support.DependencyInjectionTestExecutionListener, org.springframework.test.context.support.DirtiesContextTestExecutionListener, org.springframework.test.context.transaction.TransactionalTestExecutionListener, org.springframework.test.context.jdbc.SqlScriptsTestExecutionListener]
00:56:17.324 [main] INFO org.springframework.boot.test.context.SpringBootTestContextBootstrapper - Using TestExecutionListeners: [org.springframework.test.context.web.ServletTestExecutionListener@65fb9ffc, org.springframework.test.context.support.DirtiesContextBeforeModesTestExecutionListener@3e694b3f, org.springframework.boot.test.autoconfigure.SpringBootDependencyInjectionTestExecutionListener@1bb5a082, org.springframework.test.context.support.DirtiesContextTestExecutionListener@78691363, org.springframework.test.context.transaction.TransactionalTestExecutionListener@41d477ed, org.springframework.test.context.jdbc.SqlScriptsTestExecutionListener@3590fc5b, org.springframework.boot.test.autoconfigure.web.servlet.WebDriverTestExecutionListener@397fbdb, org.springframework.boot.test.autoconfigure.restdocs.RestDocsTestExecutionListener@33d512c1, org.springframework.boot.test.autoconfigure.web.servlet.MockMvcPrintOnlyOnFailureTestExecutionListener@515c6049, org.springframework.boot.test.mock.mockito.MockitoTestExecutionListener@639c2c1d, org.springframework.boot.test.mock.mockito.ResetMocksTestExecutionListener@5fe94a96, org.springframework.boot.test.autoconfigure.web.client.MockRestServiceServerResetTestExecutionListener@443118b0]
00:56:17.331 [main] DEBUG org.springframework.test.annotation.ProfileValueUtils - Retrieved @ProfileValueSourceConfiguration [null] for test class [com.hifriends.unit.service.UserServiceTest]
00:56:17.332 [main] DEBUG org.springframework.test.annotation.ProfileValueUtils - Retrieved ProfileValueSource type [class org.springframework.test.annotation.SystemProfileValueSource] for class [com.hifriends.unit.service.UserServiceTest]
00:56:17.333 [main] DEBUG org.springframework.test.annotation.ProfileValueUtils - Retrieved @ProfileValueSourceConfiguration [null] for test class [com.hifriends.unit.service.ChatServiceTest]
00:56:17.333 [main] DEBUG org.springframework.test.annotation.ProfileValueUtils - Retrieved ProfileValueSource type [class org.springframework.test.annotation.SystemProfileValueSource] for class [com.hifriends.unit.service.ChatServiceTest]
00:56:17.334 [main] DEBUG org.springframework.test.annotation.ProfileValueUtils - Retrieved @ProfileValueSourceConfiguration [null] for test class [com.hifriends.unit.dao.RepositoryTest]
00:56:17.334 [main] DEBUG org.springframework.test.annotation.ProfileValueUtils - Retrieved ProfileValueSource type [class org.springframework.test.annotation.SystemProfileValueSource] for class [com.hifriends.unit.dao.RepositoryTest]
00:56:17.336 [main] DEBUG org.springframework.test.annotation.ProfileValueUtils - Retrieved @ProfileValueSourceConfiguration [null] for test class [com.hifriends.unit.dao.RepositoryTest]
00:56:17.336 [main] DEBUG org.springframework.test.annotation.ProfileValueUtils - Retrieved ProfileValueSource type [class org.springframework.test.annotation.SystemProfileValueSource] for class [com.hifriends.unit.dao.RepositoryTest]
00:56:17.338 [main] DEBUG org.springframework.test.annotation.ProfileValueUtils - Retrieved @ProfileValueSourceConfiguration [null] for test class [com.hifriends.unit.service.ChatServiceTest]
00:56:17.339 [main] DEBUG org.springframework.test.annotation.ProfileValueUtils - Retrieved ProfileValueSource type [class org.springframework.test.annotation.SystemProfileValueSource] for class [com.hifriends.unit.service.ChatServiceTest]
00:56:17.340 [main] DEBUG org.springframework.test.annotation.ProfileValueUtils - Retrieved @ProfileValueSourceConfiguration [null] for test class [com.hifriends.unit.service.UserServiceTest]
00:56:17.341 [main] DEBUG org.springframework.test.annotation.ProfileValueUtils - Retrieved ProfileValueSource type [class org.springframework.test.annotation.SystemProfileValueSource] for class [com.hifriends.unit.service.UserServiceTest]
]]></system-out>
  </testcase>
</testsuite>